<?xml version="1.0" encoding="UTF-8"?>
<!-- Generated by org.testng.reporters.JUnitXMLReporter -->
<testsuite ignored="1" hostname="DESKTOP-QS1767H" failures="0" tests="1" name="Default test(failed)" time="26.036" errors="0" timestamp="2022-10-10T13:30:44 IST">
  <testcase classname="com.trail.proj.TestResult.HomePageTest" name="verifyHomePageTitleTest" time="0.021"/>
  <testcase classname="com.trail.proj.TestResult.HomePageTest" name="verifyBrokenLinks" time="0.0">
    <ignored/>
  </testcase> <!-- verifyBrokenLinks -->
</testsuite> <!-- Default test(failed) -->
