<?xml version="1.0" encoding="UTF-8"?>
<!-- Generated by org.testng.reporters.JUnitXMLReporter -->
<testsuite ignored="0" hostname="DESKTOP-QS1767H" failures="1" tests="1" name="Test" time="0.399" errors="0" timestamp="2025-04-20T14:06:31 IST">
  <testcase classname="testCasePages.PracticePageTest" name="testTextBox" time="0.191">
    <failure type="java.lang.NullPointerException" message="Cannot invoke &amp;quot;pages.PracticePage.TextBox()&amp;quot; because &amp;quot;this.practicePage&amp;quot; is null">
      <![CDATA[java.lang.NullPointerException: Cannot invoke "pages.PracticePage.TextBox()" because "this.practicePage" is null
at testCasePages.PracticePageTest.testTextBox(PracticePageTest.java:37)
at java.base/java.util.ArrayList.forEach(ArrayList.java:1511)
... Removed 25 stack frames]]>
    </failure>
  </testcase> <!-- testTextBox -->
</testsuite> <!-- Test -->
