<?xml version="1.0" encoding="UTF-8"?>
<!-- Generated by org.testng.reporters.JUnitXMLReporter -->
<testsuite ignored="5" hostname="DESKTOP-QS1767H" failures="0" tests="0" time="0.075" errors="0" timestamp="2024-04-08T13:18:20 IST">
  <testcase classname="TestResult.PracticePageTest" name="SelectDD" time="0.0">
    <ignored/>
  </testcase> <!-- SelectDD -->
  <testcase classname="TestResult.PracticePageTest" name="validateTextBox" time="0.0">
    <ignored/>
  </testcase> <!-- validateTextBox -->
  <testcase classname="TestResult.PracticePageTest" name="SelectGender" time="0.0">
    <ignored/>
  </testcase> <!-- SelectGender -->
  <testcase classname="TestResult.PracticePageTest" name="WindowHandleTest" time="0.0">
    <ignored/>
  </testcase> <!-- WindowHandleTest -->
  <testcase classname="TestResult.PracticePageTest" name="checkMultipleWindows" time="0.0">
    <ignored/>
  </testcase> <!-- checkMultipleWindows -->
</testsuite>
