<?xml version="1.0" encoding="UTF-8"?>
<!-- Generated by org.testng.reporters.JUnitXMLReporter -->
<testsuite ignored="2" hostname="DESKTOP-QS1767H" failures="0" tests="4" name="Login and Registration Test" time="10.771" errors="0" timestamp="2024-02-03T12:52:37 IST">
  <testcase classname="TestResult.LoginPageTest" name="validateTitle" time="0.053"/>
  <testcase classname="TestResult.LoginPageTest" name="vcheckInvalidLogin" time="2.033"/>
  <testcase classname="TestResult.LoginPageTest" name="vcheckInvalidLogin" time="0.979"/>
  <testcase classname="TestResult.LoginPageTest" name="validateCurrentUrl" time="0.027"/>
  <testcase classname="TestResult.RegisterPageTest" name="registerNewUser" time="0.0">
    <ignored/>
  </testcase> <!-- registerNewUser -->
  <testcase classname="TestResult.LoginPageTest" name="validateLogin" time="0.0">
    <ignored/>
  </testcase> <!-- validateLogin -->
</testsuite> <!-- Login and Registration Test -->
